<?xml version="1.0" encoding="UTF-8"?>
<testsuite name="com.fastcampus.javaoop.service.SortServiceTest" tests="1" skipped="0" failures="0" errors="0" timestamp="2024-07-07T11:37:04" hostname="choeyujin-ui-MacBookPro.local" time="0.01">
  <properties/>
  <testcase name="test()" classname="com.fastcampus.javaoop.service.SortServiceTest" time="0.01"/>
  <system-out><![CDATA[구현체: com.fastcampus.javaoop.logic.JavaSort
]]></system-out>
  <system-err><![CDATA[]]></system-err>
</testsuite>
